# JRE version: Java(TM) SE Runtime Environment (8.0_231-b11) (build 1.8.0_231-b11)
# Java VM: Java HotSpot(TM) 64-Bit Server VM (25.231-b11 mixed mode windows-amd64 compressed oops)
Heap:
 PSYoungGen      total 38400K, used 0K [0x00000000d5e00000, 0x00000000d8880000, 0x0000000100000000)
  eden space 33280K, 0% used [0x00000000d5e00000,0x00000000d5e00000,0x00000000d7e80000)
  from space 5120K, 0% used [0x00000000d7e80000,0x00000000d7e80000,0x00000000d8380000)
  to   space 5120K, 0% used [0x00000000d8380000,0x00000000d8380000,0x00000000d8880000)
 ParOldGen       total 60416K, used 5213K [0x0000000081a00000, 0x0000000085500000, 0x00000000d5e00000)
  object space 60416K, 8% used [0x0000000081a00000,0x0000000081f176f8,0x0000000085500000)
 Metaspace       used 11395K, capacity 11616K, committed 11776K, reserved 1071104K
  class space    used 1418K, capacity 1505K, committed 1536K, reserved 1048576K
GC Heap History (7 events):
Event: 0.682 GC heap before
{Heap before GC invocations=1 (full 0):
 PSYoungGen      total 38400K, used 4687K [0x00000000d5e00000, 0x00000000d8880000, 0x0000000100000000)
  eden space 33280K, 14% used [0x00000000d5e00000,0x00000000d6293f70,0x00000000d7e80000)
  from space 5120K, 0% used [0x00000000d8380000,0x00000000d8380000,0x00000000d8880000)
  to   space 5120K, 0% used [0x00000000d7e80000,0x00000000d7e80000,0x00000000d8380000)
 ParOldGen       total 87552K, used 0K [0x0000000081a00000, 0x0000000086f80000, 0x00000000d5e00000)
  object space 87552K, 0% used [0x0000000081a00000,0x0000000081a00000,0x0000000086f80000)
 Metaspace       used 6038K, capacity 6072K, committed 6144K, reserved 1062912K
  class space    used 712K, capacity 744K, committed 768K, reserved 1048576K
Event: 0.685 GC heap after
Heap after GC invocations=1 (full 0):
 PSYoungGen      total 38400K, used 1458K [0x00000000d5e00000, 0x00000000d8880000, 0x0000000100000000)
  eden space 33280K, 0% used [0x00000000d5e00000,0x00000000d5e00000,0x00000000d7e80000)
  from space 5120K, 28% used [0x00000000d7e80000,0x00000000d7fec908,0x00000000d8380000)
  to   space 5120K, 0% used [0x00000000d8380000,0x00000000d8380000,0x00000000d8880000)
 ParOldGen       total 87552K, used 8K [0x0000000081a00000, 0x0000000086f80000, 0x00000000d5e00000)
  object space 87552K, 0% used [0x0000000081a00000,0x0000000081a02000,0x0000000086f80000)
 Metaspace       used 6038K, capacity 6072K, committed 6144K, reserved 1062912K
  class space    used 712K, capacity 744K, committed 768K, reserved 1048576K
}
Event: 0.685 GC heap before
{Heap before GC invocations=2 (full 1):
 PSYoungGen      total 38400K, used 1458K [0x00000000d5e00000, 0x00000000d8880000, 0x0000000100000000)
  eden space 33280K, 0% used [0x00000000d5e00000,0x00000000d5e00000,0x00000000d7e80000)
  from space 5120K, 28% used [0x00000000d7e80000,0x00000000d7fec908,0x00000000d8380000)
  to   space 5120K, 0% used [0x00000000d8380000,0x00000000d8380000,0x00000000d8880000)
 ParOldGen       total 87552K, used 8K [0x0000000081a00000, 0x0000000086f80000, 0x00000000d5e00000)
  object space 87552K, 0% used [0x0000000081a00000,0x0000000081a02000,0x0000000086f80000)
 Metaspace       used 6038K, capacity 6072K, committed 6144K, reserved 1062912K
  class space    used 712K, capacity 744K, committed 768K, reserved 1048576K
Event: 0.692 GC heap after
Heap after GC invocations=2 (full 1):
 PSYoungGen      total 38400K, used 0K [0x00000000d5e00000, 0x00000000d8880000, 0x0000000100000000)
  eden space 33280K, 0% used [0x00000000d5e00000,0x00000000d5e00000,0x00000000d7e80000)
  from space 5120K, 0% used [0x00000000d7e80000,0x00000000d7e80000,0x00000000d8380000)
  to   space 5120K, 0% used [0x00000000d8380000,0x00000000d8380000,0x00000000d8880000)
 ParOldGen       total 60416K, used 1357K [0x0000000081a00000, 0x0000000085500000, 0x00000000d5e00000)
  object space 60416K, 2% used [0x0000000081a00000,0x0000000081b53580,0x0000000085500000)
 Metaspace       used 6038K, capacity 6072K, committed 6144K, reserved 1060864K
  class space    used 712K, capacity 744K, committed 768K, reserved 1048576K
}
Event: 1.096 GC heap before
{Heap before GC invocations=3 (full 1):
 PSYoungGen      total 38400K, used 32929K [0x00000000d5e00000, 0x00000000d8880000, 0x0000000100000000)
  eden space 33280K, 98% used [0x00000000d5e00000,0x00000000d7e28580,0x00000000d7e80000)
  from space 5120K, 0% used [0x00000000d7e80000,0x00000000d7e80000,0x00000000d8380000)
  to   space 5120K, 0% used [0x00000000d8380000,0x00000000d8380000,0x00000000d8880000)
 ParOldGen       total 60416K, used 1357K [0x0000000081a00000, 0x0000000085500000, 0x00000000d5e00000)
  object space 60416K, 2% used [0x0000000081a00000,0x0000000081b53580,0x0000000085500000)
 Metaspace       used 11396K, capacity 11622K, committed 11776K, reserved 1069056K
  class space    used 1418K, capacity 1506K, committed 1536K, reserved 1048576K
Event: 1.101 GC heap after
Heap after GC invocations=3 (full 1):
 PSYoungGen      total 38400K, used 4294K [0x00000000d5e00000, 0x00000000d8880000, 0x0000000100000000)
  eden space 33280K, 0% used [0x00000000d5e00000,0x00000000d5e00000,0x00000000d7e80000)
  from space 5120K, 83% used [0x00000000d8380000,0x00000000d87b1a40,0x00000000d8880000)
  to   space 5120K, 0% used [0x00000000d7e80000,0x00000000d7e80000,0x00000000d8380000)
 ParOldGen       total 60416K, used 1365K [0x0000000081a00000, 0x0000000085500000, 0x00000000d5e00000)
  object space 60416K, 2% used [0x0000000081a00000,0x0000000081b55580,0x0000000085500000)
 Metaspace       used 11396K, capacity 11622K, committed 11776K, reserved 1069056K
  class space    used 1418K, capacity 1506K, committed 1536K, reserved 1048576K
}
Event: 1.101 GC heap before
{Heap before GC invocations=4 (full 2):
 PSYoungGen      total 38400K, used 4294K [0x00000000d5e00000, 0x00000000d8880000, 0x0000000100000000)
  eden space 33280K, 0% used [0x00000000d5e00000,0x00000000d5e00000,0x00000000d7e80000)
  from space 5120K, 83% used [0x00000000d8380000,0x00000000d87b1a40,0x00000000d8880000)
  to   space 5120K, 0% used [0x00000000d7e80000,0x00000000d7e80000,0x00000000d8380000)
 ParOldGen       total 60416K, used 1365K [0x0000000081a00000, 0x0000000085500000, 0x00000000d5e00000)
  object space 60416K, 2% used [0x0000000081a00000,0x0000000081b55580,0x0000000085500000)
 Metaspace       used 11396K, capacity 11622K, committed 11776K, reserved 1069056K
  class space    used 1418K, capacity 1506K, committed 1536K, reserved 1048576K

